<?xml version="1.0" encoding="UTF-8"?>
<!-- Generated by org.testng.reporters.JUnitReportReporter -->
<testsuite hostname="DESKTOP-RAD7ACU" failures="0" tests="1" name="testCases.ValidateSignup" time="13.454" errors="0" timestamp="2023-05-01T22:48:24 IST" skipped="0">
  <testcase classname="testCases.ValidateSignup" name="signup" time="13.454"/>
  <system-out/>
</testsuite> <!-- testCases.ValidateSignup -->
